2025-05-28 00:48:12.705991: I tensorflow/core/util/port.cc:111] oneDNN custom operations are on. You may see slightly different numerical results due to floating-point round-off errors from different computation orders. To turn them off, set the environment variable `TF_ENABLE_ONEDNN_OPTS=0`.
2025-05-28 00:48:13.150615: I tensorflow/tsl/cuda/cudart_stub.cc:28] Could not find cuda drivers on your machine, GPU will not be used.
2025-05-28 00:48:15.067748: E tensorflow/compiler/xla/stream_executor/cuda/cuda_dnn.cc:9342] Unable to register cuDNN factory: Attempting to register factory for plugin cuDNN when one has already been registered
2025-05-28 00:48:15.067795: E tensorflow/compiler/xla/stream_executor/cuda/cuda_fft.cc:609] Unable to register cuFFT factory: Attempting to register factory for plugin cuFFT when one has already been registered
2025-05-28 00:48:15.080237: E tensorflow/compiler/xla/stream_executor/cuda/cuda_blas.cc:1518] Unable to register cuBLAS factory: Attempting to register factory for plugin cuBLAS when one has already been registered
2025-05-28 00:48:16.189219: I tensorflow/tsl/cuda/cudart_stub.cc:28] Could not find cuda drivers on your machine, GPU will not be used.
2025-05-28 00:48:16.197157: I tensorflow/core/platform/cpu_feature_guard.cc:182] This TensorFlow binary is optimized to use available CPU instructions in performance-critical operations.
To enable the following instructions: AVX2 AVX_VNNI FMA, in other operations, rebuild TensorFlow with the appropriate compiler flags.
2025-05-28 00:48:22.867347: W tensorflow/compiler/tf2tensorrt/utils/py_utils.cc:38] TF-TRT Warning: Could not find TensorRT
INFO:monitoring:Performing health check
INFO:monitoring:Health check thread started with interval 60 seconds
INFO:monitoring:Component blockchain_connector status updated to healthy
INFO:monitoring:Monitoring system initialized with log directory: results/fl_training_20250528_004803/logs
INFO:monitoring:Metrics directory: results/fl_training_20250528_004803/metrics
INFO:monitoring:Performance monitoring enabled: True
INFO:monitoring:Health checks enabled: True
INFO:monitoring:[main] Starting Federated Learning system (TRAIN ONLY)
INFO:monitoring:Component data_processor status updated to healthy
WARNING:blockchain_connector:No ABI file found in potential paths, creating minimal ABI
INFO:monitoring:Component fl_orchestrator status updated to healthy
INFO:monitoring:Component model_repository status updated to healthy
INFO:monitoring:Component anomaly_detector status updated to healthy
INFO:monitoring:Component response_engine status updated to healthy
WARNING:fl_orchestrator:Could not set TFF execution context: module 'tensorflow_federated.python.core.backends.native' has no attribute 'set_local_python_execution_context'
WARNING:fl_orchestrator:Using default TFF execution context
DEBUG:monitoring:Performance metric recorded: feature_extraction.data_processing_time = 0.009369611740112305
DEBUG:monitoring:Performance metric recorded: feature_extraction.avg_data_processing_time = 0.009369611740112305
DEBUG:monitoring:Performance metric recorded: feature_extraction.data_processing_count = 1
WARNING:__main__:Insufficient data for sybil_detection (30 < 50). Adding synthetic data.
WARNING:__main__:Insufficient data for bribery_detection (30 < 50). Adding synthetic data.
2025-05-28 00:49:01.198229: I tensorflow/compiler/xla/stream_executor/cuda/cuda_gpu_executor.cc:880] could not open file to read NUMA node: /sys/bus/pci/devices/0000:01:00.0/numa_node
Your kernel may have been built without NUMA support.
2025-05-28 00:49:01.199579: W tensorflow/core/common_runtime/gpu/gpu_device.cc:2211] Cannot dlopen some GPU libraries. Please make sure the missing libraries mentioned above are installed properly if you would like to use GPU. Follow the guide at https://www.tensorflow.org/install/gpu for how to download and setup the required libraries for your platform.
Skipping registering GPU devices...
/mnt/e/NAM3/DO_AN_CHUYEN_NGANH/Federated Learning/tff_wsl_env/lib/python3.10/site-packages/tensorflow_federated/python/learning/models/keras_utils.py:201: UserWarning: Batch Normalization contains non-trainable variables that won't be updated during the training. Consider using Group Normalization instead.
  warnings.warn(
2025-05-28 00:49:04.569278: I tensorflow/compiler/xla/stream_executor/cuda/cuda_gpu_executor.cc:880] could not open file to read NUMA node: /sys/bus/pci/devices/0000:01:00.0/numa_node
Your kernel may have been built without NUMA support.
2025-05-28 00:49:04.569330: I tensorflow/core/grappler/devices.cc:66] Number of eligible GPUs (core count >= 8, compute capability >= 0.0): 1
2025-05-28 00:49:04.569471: I tensorflow/core/grappler/clusters/single_machine.cc:361] Starting new session
2025-05-28 00:49:04.569950: I tensorflow/compiler/xla/stream_executor/cuda/cuda_gpu_executor.cc:880] could not open file to read NUMA node: /sys/bus/pci/devices/0000:01:00.0/numa_node
Your kernel may have been built without NUMA support.
2025-05-28 00:49:04.569973: W tensorflow/core/common_runtime/gpu/gpu_device.cc:2211] Cannot dlopen some GPU libraries. Please make sure the missing libraries mentioned above are installed properly if you would like to use GPU. Follow the guide at https://www.tensorflow.org/install/gpu for how to download and setup the required libraries for your platform.
Skipping registering GPU devices...
2025-05-28 00:49:04.821202: I tensorflow/compiler/xla/stream_executor/cuda/cuda_gpu_executor.cc:880] could not open file to read NUMA node: /sys/bus/pci/devices/0000:01:00.0/numa_node
Your kernel may have been built without NUMA support.
2025-05-28 00:49:04.821258: I tensorflow/core/grappler/devices.cc:66] Number of eligible GPUs (core count >= 8, compute capability >= 0.0): 1
2025-05-28 00:49:04.821385: I tensorflow/core/grappler/clusters/single_machine.cc:361] Starting new session
2025-05-28 00:49:04.821863: I tensorflow/compiler/xla/stream_executor/cuda/cuda_gpu_executor.cc:880] could not open file to read NUMA node: /sys/bus/pci/devices/0000:01:00.0/numa_node
Your kernel may have been built without NUMA support.
2025-05-28 00:49:04.821892: W tensorflow/core/common_runtime/gpu/gpu_device.cc:2211] Cannot dlopen some GPU libraries. Please make sure the missing libraries mentioned above are installed properly if you would like to use GPU. Follow the guide at https://www.tensorflow.org/install/gpu for how to download and setup the required libraries for your platform.
Skipping registering GPU devices...
2025-05-28 00:49:07.302336: I tensorflow/compiler/xla/stream_executor/cuda/cuda_gpu_executor.cc:880] could not open file to read NUMA node: /sys/bus/pci/devices/0000:01:00.0/numa_node
Your kernel may have been built without NUMA support.
2025-05-28 00:49:07.302394: I tensorflow/core/grappler/devices.cc:66] Number of eligible GPUs (core count >= 8, compute capability >= 0.0): 1
2025-05-28 00:49:07.302675: I tensorflow/core/grappler/clusters/single_machine.cc:361] Starting new session
2025-05-28 00:49:07.303957: I tensorflow/compiler/xla/stream_executor/cuda/cuda_gpu_executor.cc:880] could not open file to read NUMA node: /sys/bus/pci/devices/0000:01:00.0/numa_node
Your kernel may have been built without NUMA support.
2025-05-28 00:49:07.303995: W tensorflow/core/common_runtime/gpu/gpu_device.cc:2211] Cannot dlopen some GPU libraries. Please make sure the missing libraries mentioned above are installed properly if you would like to use GPU. Follow the guide at https://www.tensorflow.org/install/gpu for how to download and setup the required libraries for your platform.
Skipping registering GPU devices...
2025-05-28 00:49:07.461274: I tensorflow/compiler/xla/stream_executor/cuda/cuda_gpu_executor.cc:880] could not open file to read NUMA node: /sys/bus/pci/devices/0000:01:00.0/numa_node
Your kernel may have been built without NUMA support.
2025-05-28 00:49:07.461341: I tensorflow/core/grappler/devices.cc:66] Number of eligible GPUs (core count >= 8, compute capability >= 0.0): 1
2025-05-28 00:49:07.461471: I tensorflow/core/grappler/clusters/single_machine.cc:361] Starting new session
2025-05-28 00:49:07.461811: I tensorflow/compiler/xla/stream_executor/cuda/cuda_gpu_executor.cc:880] could not open file to read NUMA node: /sys/bus/pci/devices/0000:01:00.0/numa_node
Your kernel may have been built without NUMA support.
2025-05-28 00:49:07.461829: W tensorflow/core/common_runtime/gpu/gpu_device.cc:2211] Cannot dlopen some GPU libraries. Please make sure the missing libraries mentioned above are installed properly if you would like to use GPU. Follow the guide at https://www.tensorflow.org/install/gpu for how to download and setup the required libraries for your platform.
Skipping registering GPU devices...
2025-05-28 00:49:07.469314: I tensorflow/compiler/xla/stream_executor/cuda/cuda_gpu_executor.cc:880] could not open file to read NUMA node: /sys/bus/pci/devices/0000:01:00.0/numa_node
Your kernel may have been built without NUMA support.
2025-05-28 00:49:07.469381: I tensorflow/core/grappler/devices.cc:66] Number of eligible GPUs (core count >= 8, compute capability >= 0.0): 1
2025-05-28 00:49:07.469479: I tensorflow/core/grappler/clusters/single_machine.cc:361] Starting new session
2025-05-28 00:49:07.469899: I tensorflow/compiler/xla/stream_executor/cuda/cuda_gpu_executor.cc:880] could not open file to read NUMA node: /sys/bus/pci/devices/0000:01:00.0/numa_node
Your kernel may have been built without NUMA support.
2025-05-28 00:49:07.469926: W tensorflow/core/common_runtime/gpu/gpu_device.cc:2211] Cannot dlopen some GPU libraries. Please make sure the missing libraries mentioned above are installed properly if you would like to use GPU. Follow the guide at https://www.tensorflow.org/install/gpu for how to download and setup the required libraries for your platform.
Skipping registering GPU devices...
2025-05-28 00:49:07.481780: I tensorflow/compiler/xla/stream_executor/cuda/cuda_gpu_executor.cc:880] could not open file to read NUMA node: /sys/bus/pci/devices/0000:01:00.0/numa_node
Your kernel may have been built without NUMA support.
2025-05-28 00:49:07.481832: I tensorflow/core/grappler/devices.cc:66] Number of eligible GPUs (core count >= 8, compute capability >= 0.0): 1
2025-05-28 00:49:07.482018: I tensorflow/core/grappler/clusters/single_machine.cc:361] Starting new session
2025-05-28 00:49:07.482456: I tensorflow/compiler/xla/stream_executor/cuda/cuda_gpu_executor.cc:880] could not open file to read NUMA node: /sys/bus/pci/devices/0000:01:00.0/numa_node
Your kernel may have been built without NUMA support.
2025-05-28 00:49:07.482511: W tensorflow/core/common_runtime/gpu/gpu_device.cc:2211] Cannot dlopen some GPU libraries. Please make sure the missing libraries mentioned above are installed properly if you would like to use GPU. Follow the guide at https://www.tensorflow.org/install/gpu for how to download and setup the required libraries for your platform.
Skipping registering GPU devices...
2025-05-28 00:49:07.495689: I tensorflow/compiler/xla/stream_executor/cuda/cuda_gpu_executor.cc:880] could not open file to read NUMA node: /sys/bus/pci/devices/0000:01:00.0/numa_node
Your kernel may have been built without NUMA support.
2025-05-28 00:49:07.495744: I tensorflow/core/grappler/devices.cc:66] Number of eligible GPUs (core count >= 8, compute capability >= 0.0): 1
2025-05-28 00:49:07.495877: I tensorflow/core/grappler/clusters/single_machine.cc:361] Starting new session
2025-05-28 00:49:07.496254: I tensorflow/compiler/xla/stream_executor/cuda/cuda_gpu_executor.cc:880] could not open file to read NUMA node: /sys/bus/pci/devices/0000:01:00.0/numa_node
Your kernel may have been built without NUMA support.
2025-05-28 00:49:07.496268: W tensorflow/core/common_runtime/gpu/gpu_device.cc:2211] Cannot dlopen some GPU libraries. Please make sure the missing libraries mentioned above are installed properly if you would like to use GPU. Follow the guide at https://www.tensorflow.org/install/gpu for how to download and setup the required libraries for your platform.
Skipping registering GPU devices...
2025-05-28 00:49:07.529085: I tensorflow/compiler/xla/stream_executor/cuda/cuda_gpu_executor.cc:880] could not open file to read NUMA node: /sys/bus/pci/devices/0000:01:00.0/numa_node
Your kernel may have been built without NUMA support.
2025-05-28 00:49:07.529154: I tensorflow/core/grappler/devices.cc:66] Number of eligible GPUs (core count >= 8, compute capability >= 0.0): 1
2025-05-28 00:49:07.529300: I tensorflow/core/grappler/clusters/single_machine.cc:361] Starting new session
2025-05-28 00:49:07.529976: I tensorflow/compiler/xla/stream_executor/cuda/cuda_gpu_executor.cc:880] could not open file to read NUMA node: /sys/bus/pci/devices/0000:01:00.0/numa_node
Your kernel may have been built without NUMA support.
2025-05-28 00:49:07.530017: W tensorflow/core/common_runtime/gpu/gpu_device.cc:2211] Cannot dlopen some GPU libraries. Please make sure the missing libraries mentioned above are installed properly if you would like to use GPU. Follow the guide at https://www.tensorflow.org/install/gpu for how to download and setup the required libraries for your platform.
Skipping registering GPU devices...
2025-05-28 00:49:07.546584: I tensorflow/compiler/xla/stream_executor/cuda/cuda_gpu_executor.cc:880] could not open file to read NUMA node: /sys/bus/pci/devices/0000:01:00.0/numa_node
Your kernel may have been built without NUMA support.
2025-05-28 00:49:07.546646: I tensorflow/core/grappler/devices.cc:66] Number of eligible GPUs (core count >= 8, compute capability >= 0.0): 1
2025-05-28 00:49:07.546805: I tensorflow/core/grappler/clusters/single_machine.cc:361] Starting new session
2025-05-28 00:49:07.547307: I tensorflow/compiler/xla/stream_executor/cuda/cuda_gpu_executor.cc:880] could not open file to read NUMA node: /sys/bus/pci/devices/0000:01:00.0/numa_node
Your kernel may have been built without NUMA support.
2025-05-28 00:49:07.547338: W tensorflow/core/common_runtime/gpu/gpu_device.cc:2211] Cannot dlopen some GPU libraries. Please make sure the missing libraries mentioned above are installed properly if you would like to use GPU. Follow the guide at https://www.tensorflow.org/install/gpu for how to download and setup the required libraries for your platform.
Skipping registering GPU devices...
2025-05-28 00:49:07.555406: I tensorflow/compiler/xla/stream_executor/cuda/cuda_gpu_executor.cc:880] could not open file to read NUMA node: /sys/bus/pci/devices/0000:01:00.0/numa_node
Your kernel may have been built without NUMA support.
2025-05-28 00:49:07.555463: I tensorflow/core/grappler/devices.cc:66] Number of eligible GPUs (core count >= 8, compute capability >= 0.0): 1
2025-05-28 00:49:07.555640: I tensorflow/core/grappler/clusters/single_machine.cc:361] Starting new session
2025-05-28 00:49:07.556136: I tensorflow/compiler/xla/stream_executor/cuda/cuda_gpu_executor.cc:880] could not open file to read NUMA node: /sys/bus/pci/devices/0000:01:00.0/numa_node
Your kernel may have been built without NUMA support.
2025-05-28 00:49:07.556152: W tensorflow/core/common_runtime/gpu/gpu_device.cc:2211] Cannot dlopen some GPU libraries. Please make sure the missing libraries mentioned above are installed properly if you would like to use GPU. Follow the guide at https://www.tensorflow.org/install/gpu for how to download and setup the required libraries for your platform.
Skipping registering GPU devices...
2025-05-28 00:49:07.569215: I tensorflow/compiler/xla/stream_executor/cuda/cuda_gpu_executor.cc:880] could not open file to read NUMA node: /sys/bus/pci/devices/0000:01:00.0/numa_node
Your kernel may have been built without NUMA support.
2025-05-28 00:49:07.569277: I tensorflow/core/grappler/devices.cc:66] Number of eligible GPUs (core count >= 8, compute capability >= 0.0): 1
2025-05-28 00:49:07.569436: I tensorflow/core/grappler/clusters/single_machine.cc:361] Starting new session
2025-05-28 00:49:07.569888: I tensorflow/compiler/xla/stream_executor/cuda/cuda_gpu_executor.cc:880] could not open file to read NUMA node: /sys/bus/pci/devices/0000:01:00.0/numa_node
Your kernel may have been built without NUMA support.
2025-05-28 00:49:07.569906: W tensorflow/core/common_runtime/gpu/gpu_device.cc:2211] Cannot dlopen some GPU libraries. Please make sure the missing libraries mentioned above are installed properly if you would like to use GPU. Follow the guide at https://www.tensorflow.org/install/gpu for how to download and setup the required libraries for your platform.
Skipping registering GPU devices...
2025-05-28 00:49:07.579715: I tensorflow/compiler/xla/stream_executor/cuda/cuda_gpu_executor.cc:880] could not open file to read NUMA node: /sys/bus/pci/devices/0000:01:00.0/numa_node
Your kernel may have been built without NUMA support.
2025-05-28 00:49:07.579781: I tensorflow/core/grappler/devices.cc:66] Number of eligible GPUs (core count >= 8, compute capability >= 0.0): 1
2025-05-28 00:49:07.579956: I tensorflow/core/grappler/clusters/single_machine.cc:361] Starting new session
2025-05-28 00:49:07.580383: I tensorflow/compiler/xla/stream_executor/cuda/cuda_gpu_executor.cc:880] could not open file to read NUMA node: /sys/bus/pci/devices/0000:01:00.0/numa_node
Your kernel may have been built without NUMA support.
2025-05-28 00:49:07.580397: W tensorflow/core/common_runtime/gpu/gpu_device.cc:2211] Cannot dlopen some GPU libraries. Please make sure the missing libraries mentioned above are installed properly if you would like to use GPU. Follow the guide at https://www.tensorflow.org/install/gpu for how to download and setup the required libraries for your platform.
Skipping registering GPU devices...
2025-05-28 00:49:07.583477: I tensorflow/compiler/xla/stream_executor/cuda/cuda_gpu_executor.cc:880] could not open file to read NUMA node: /sys/bus/pci/devices/0000:01:00.0/numa_node
Your kernel may have been built without NUMA support.
2025-05-28 00:49:07.583517: I tensorflow/core/grappler/devices.cc:66] Number of eligible GPUs (core count >= 8, compute capability >= 0.0): 1
2025-05-28 00:49:07.583614: I tensorflow/core/grappler/clusters/single_machine.cc:361] Starting new session
2025-05-28 00:49:07.584005: I tensorflow/compiler/xla/stream_executor/cuda/cuda_gpu_executor.cc:880] could not open file to read NUMA node: /sys/bus/pci/devices/0000:01:00.0/numa_node
Your kernel may have been built without NUMA support.
2025-05-28 00:49:07.584038: W tensorflow/core/common_runtime/gpu/gpu_device.cc:2211] Cannot dlopen some GPU libraries. Please make sure the missing libraries mentioned above are installed properly if you would like to use GPU. Follow the guide at https://www.tensorflow.org/install/gpu for how to download and setup the required libraries for your platform.
Skipping registering GPU devices...
2025-05-28 00:49:07.589191: I tensorflow/compiler/xla/stream_executor/cuda/cuda_gpu_executor.cc:880] could not open file to read NUMA node: /sys/bus/pci/devices/0000:01:00.0/numa_node
Your kernel may have been built without NUMA support.
2025-05-28 00:49:07.589260: I tensorflow/core/grappler/devices.cc:66] Number of eligible GPUs (core count >= 8, compute capability >= 0.0): 1
2025-05-28 00:49:07.589357: I tensorflow/core/grappler/clusters/single_machine.cc:361] Starting new session
2025-05-28 00:49:07.589837: I tensorflow/compiler/xla/stream_executor/cuda/cuda_gpu_executor.cc:880] could not open file to read NUMA node: /sys/bus/pci/devices/0000:01:00.0/numa_node
Your kernel may have been built without NUMA support.
2025-05-28 00:49:07.589868: W tensorflow/core/common_runtime/gpu/gpu_device.cc:2211] Cannot dlopen some GPU libraries. Please make sure the missing libraries mentioned above are installed properly if you would like to use GPU. Follow the guide at https://www.tensorflow.org/install/gpu for how to download and setup the required libraries for your platform.
Skipping registering GPU devices...
2025-05-28 00:49:07.598739: I tensorflow/compiler/xla/stream_executor/cuda/cuda_gpu_executor.cc:880] could not open file to read NUMA node: /sys/bus/pci/devices/0000:01:00.0/numa_node
Your kernel may have been built without NUMA support.
2025-05-28 00:49:07.598795: I tensorflow/core/grappler/devices.cc:66] Number of eligible GPUs (core count >= 8, compute capability >= 0.0): 1
2025-05-28 00:49:07.598898: I tensorflow/core/grappler/clusters/single_machine.cc:361] Starting new session
2025-05-28 00:49:07.599222: I tensorflow/compiler/xla/stream_executor/cuda/cuda_gpu_executor.cc:880] could not open file to read NUMA node: /sys/bus/pci/devices/0000:01:00.0/numa_node
Your kernel may have been built without NUMA support.
2025-05-28 00:49:07.599233: W tensorflow/core/common_runtime/gpu/gpu_device.cc:2211] Cannot dlopen some GPU libraries. Please make sure the missing libraries mentioned above are installed properly if you would like to use GPU. Follow the guide at https://www.tensorflow.org/install/gpu for how to download and setup the required libraries for your platform.
Skipping registering GPU devices...
2025-05-28 00:49:07.612884: I tensorflow/compiler/xla/stream_executor/cuda/cuda_gpu_executor.cc:880] could not open file to read NUMA node: /sys/bus/pci/devices/0000:01:00.0/numa_node
Your kernel may have been built without NUMA support.
2025-05-28 00:49:07.612969: I tensorflow/core/grappler/devices.cc:66] Number of eligible GPUs (core count >= 8, compute capability >= 0.0): 1
2025-05-28 00:49:07.613146: I tensorflow/core/grappler/clusters/single_machine.cc:361] Starting new session
2025-05-28 00:49:07.613674: I tensorflow/compiler/xla/stream_executor/cuda/cuda_gpu_executor.cc:880] could not open file to read NUMA node: /sys/bus/pci/devices/0000:01:00.0/numa_node
Your kernel may have been built without NUMA support.
2025-05-28 00:49:07.613718: W tensorflow/core/common_runtime/gpu/gpu_device.cc:2211] Cannot dlopen some GPU libraries. Please make sure the missing libraries mentioned above are installed properly if you would like to use GPU. Follow the guide at https://www.tensorflow.org/install/gpu for how to download and setup the required libraries for your platform.
Skipping registering GPU devices...
[DEBUG] Script started.
[DEBUG] Main started.

============================================================
BLOCKCHAIN MONITORING DATA FETCH
============================================================
[SUCCESS] Successfully fetched data for 10 blocks.
[TRAINING][sybil_detection] Full training history:
{
  "round_losses": [],
  "round_metrics": [
    {
      "distributor": [],
      "client_work": {
        "train": {
          "binary_accuracy": "0.22",
          "auc": "0.45257452",
          "loss": "1.3105664",
          "num_examples": "50",
          "num_batches": "4"
        }
      },
      "aggregator": {
        "mean_value": [],
        "mean_weight": []
      },
      "finalizer": {
        "update_non_finite": "0"
      }
    },
    {
      "distributor": [],
      "client_work": {
        "train": {
          "binary_accuracy": "0.34",
          "auc": "0.58130085",
          "loss": "1.1612897",
          "num_examples": "50",
          "num_batches": "4"
        }
      },
      "aggregator": {
        "mean_value": [],
        "mean_weight": []
      },
      "finalizer": {
        "update_non_finite": "0"
      }
    },
    {
      "distributor": [],
      "client_work": {
        "train": {
          "binary_accuracy": "0.26",
          "auc": "0.5406504",
          "loss": "1.1418698",
          "num_examples": "50",
          "num_batches": "4"
        }
      },
      "aggregator": {
        "mean_value": [],
        "mean_weight": []
      },
      "finalizer": {
        "update_non_finite": "0"
      }
    },
    {
      "distributor": [],
      "client_work": {
        "train": {
          "binary_accuracy": "0.42",
          "auc": "0.5487805",
          "loss": "1.0821594",
          "num_examples": "50",
          "num_batches": "4"
        }
      },
      "aggregator": {
        "mean_value": [],
        "mean_weight": []
      },
      "finalizer": {
        "update_non_finite": "0"
      }
    },
    {
      "distributor": [],
      "client_work": {
        "train": {
          "binary_accuracy": "0.28",
          "auc": "0.4674797",
          "loss": "1.0174856",
          "num_examples": "50",
          "num_batches": "4"
        }
      },
      "aggregator": {
        "mean_value": [],
        "mean_weight": []
      },
      "finalizer": {
        "update_non_finite": "0"
      }
    },
    {
      "distributor": [],
      "client_work": {
        "train": {
          "binary_accuracy": "0.3",
          "auc": "0.5785908",
          "loss": "0.94869804",
          "num_examples": "50",
          "num_batches": "4"
        }
      },
      "aggregator": {
        "mean_value": [],
        "mean_weight": []
      },
      "finalizer": {
        "update_non_finite": "0"
      }
    },
    {
      "distributor": [],
      "client_work": {
        "train": {
          "binary_accuracy": "0.44",
          "auc": "0.48509488",
          "loss": "0.92964774",
          "num_examples": "50",
          "num_batches": "4"
        }
      },
      "aggregator": {
        "mean_value": [],
        "mean_weight": []
      },
      "finalizer": {
        "update_non_finite": "0"
      }
    },
    {
      "distributor": [],
      "client_work": {
        "train": {
          "binary_accuracy": "0.42",
          "auc": "0.5311653",
          "loss": "0.91729796",
          "num_examples": "50",
          "num_batches": "4"
        }
      },
      "aggregator": {
        "mean_value": [],
        "mean_weight": []
      },
      "finalizer": {
        "update_non_finite": "0"
      }
    },
    {
      "distributor": [],
      "client_work": {
        "train": {
          "binary_accuracy": "0.38",
          "auc": "0.5555556",
          "loss": "0.9098307",
          "num_examples": "50",
          "num_batches": "4"
        }
      },
      "aggregator": {
        "mean_value": [],
        "mean_weight": []
      },
      "finalizer": {
        "update_non_finite": "0"
      }
    },
    {
      "distributor": [],
      "client_work": {
        "train": {
          "binary_accuracy": "0.48",
          "auc": "0.66260165",
          "loss": "0.826497",
          "num_examples": "50",
          "num_batches": "4"
        }
      },
      "aggregator": {
        "mean_value": [],
        "mean_weight": []
      },
      "finalizer": {
        "update_non_finite": "0"
      }
    },
    {
      "distributor": [],
      "client_work": {
        "train": {
          "binary_accuracy": "0.58",
          "auc": "0.75609756",
          "loss": "0.718007",
          "num_examples": "50",
          "num_batches": "4"
        }
      },
      "aggregator": {
        "mean_value": [],
        "mean_weight": []
      },
      "finalizer": {
        "update_non_finite": "0"
      }
    },
    {
      "distributor": [],
      "client_work": {
        "train": {
          "binary_accuracy": "0.62",
          "auc": "0.8075881",
          "loss": "0.68251234",
          "num_examples": "50",
          "num_batches": "4"
        }
      },
      "aggregator": {
        "mean_value": [],
        "mean_weight": []
      },
      "finalizer": {
        "update_non_finite": "0"
      }
    },
    {
      "distributor": [],
      "client_work": {
        "train": {
          "binary_accuracy": "0.6",
          "auc": "0.6802168",
          "loss": "0.7471534",
          "num_examples": "50",
          "num_batches": "4"
        }
      },
      "aggregator": {
        "mean_value": [],
        "mean_weight": []
      },
      "finalizer": {
        "update_non_finite": "0"
      }
    },
    {
      "distributor": [],
      "client_work": {
        "train": {
          "binary_accuracy": "0.54",
          "auc": "0.64227647",
          "loss": "0.6995669",
          "num_examples": "50",
          "num_batches": "4"
        }
      },
      "aggregator": {
        "mean_value": [],
        "mean_weight": []
      },
      "finalizer": {
        "update_non_finite": "0"
      }
    },
    {
      "distributor": [],
      "client_work": {
        "train": {
          "binary_accuracy": "0.62",
          "auc": "0.6707317",
          "loss": "0.64358157",
          "num_examples": "50",
          "num_batches": "4"
        }
      },
      "aggregator": {
        "mean_value": [],
        "mean_weight": []
      },
      "finalizer": {
        "update_non_finite": "0"
      }
    },
    {
      "distributor": [],
      "client_work": {
        "train": {
          "binary_accuracy": "0.62",
          "auc": "0.598916",
          "loss": "0.69603807",
          "num_examples": "50",
          "num_batches": "4"
        }
      },
      "aggregator": {
        "mean_value": [],
        "mean_weight": []
      },
      "finalizer": {
        "update_non_finite": "0"
      }
    },
    {
      "distributor": [],
      "client_work": {
        "train": {
          "binary_accuracy": "0.68",
          "auc": "0.8848238",
          "loss": "0.5824547",
          "num_examples": "50",
          "num_batches": "4"
        }
      },
      "aggregator": {
        "mean_value": [],
        "mean_weight": []
      },
      "finalizer": {
        "update_non_finite": "0"
      }
    },
    {
      "distributor": [],
      "client_work": {
        "train": {
          "binary_accuracy": "0.62",
          "auc": "0.7750678",
          "loss": "0.62860537",
          "num_examples": "50",
          "num_batches": "4"
        }
      },
      "aggregator": {
        "mean_value": [],
        "mean_weight": []
      },
      "finalizer": {
        "update_non_finite": "0"
      }
    },
    {
      "distributor": [],
      "client_work": {
        "train": {
          "binary_accuracy": "0.74",
          "auc": "0.8252033",
          "loss": "0.5912634",
          "num_examples": "50",
          "num_batches": "4"
        }
      },
      "aggregator": {
        "mean_value": [],
        "mean_weight": []
      },
      "finalizer": {
        "update_non_finite": "0"
      }
    },
    {
      "distributor": [],
      "client_work": {
        "train": {
          "binary_accuracy": "0.7",
          "auc": "0.77235776",
          "loss": "0.61480254",
          "num_examples": "50",
          "num_batches": "4"
        }
      },
      "aggregator": {
        "mean_value": [],
        "mean_weight": []
      },
      "finalizer": {
        "update_non_finite": "0"
      }
    },
    {
      "distributor": [],
      "client_work": {
        "train": {
          "binary_accuracy": "0.76",
          "auc": "0.8631437",
          "loss": "0.50325924",
          "num_examples": "50",
          "num_batches": "4"
        }
      },
      "aggregator": {
        "mean_value": [],
        "mean_weight": []
      },
      "finalizer": {
        "update_non_finite": "0"
      }
    },
    {
      "distributor": [],
      "client_work": {
        "train": {
          "binary_accuracy": "0.74",
          "auc": "0.81165314",
          "loss": "0.5800144",
          "num_examples": "50",
          "num_batches": "4"
        }
      },
      "aggregator": {
        "mean_value": [],
        "mean_weight": []
      },
      "finalizer": {
        "update_non_finite": "0"
      }
    },
    {
      "distributor": [],
      "client_work": {
        "train": {
          "binary_accuracy": "0.62",
          "auc": "0.74390244",
          "loss": "0.6115742",
          "num_examples": "50",
          "num_batches": "4"
        }
      },
      "aggregator": {
        "mean_value": [],
        "mean_weight": []
      },
      "finalizer": {
        "update_non_finite": "0"
      }
    },
    {
      "distributor": [],
      "client_work": {
        "train": {
          "binary_accuracy": "0.56",
          "auc": "0.6056911",
          "loss": "0.66707975",
          "num_examples": "50",
          "num_batches": "4"
        }
      },
      "aggregator": {
        "mean_value": [],
        "mean_weight": []
      },
      "finalizer": {
        "update_non_finite": "0"
      }
    },
    {
      "distributor": [],
      "client_work": {
        "train": {
          "binary_accuracy": "0.68",
          "auc": "0.8306233",
          "loss": "0.5315118",
          "num_examples": "50",
          "num_batches": "4"
        }
      },
      "aggregator": {
        "mean_value": [],
        "mean_weight": []
      },
      "finalizer": {
        "update_non_finite": "0"
      }
    },
    {
      "distributor": [],
      "client_work": {
        "train": {
          "binary_accuracy": "0.8",
          "auc": "0.8644987",
          "loss": "0.4788181",
          "num_examples": "50",
          "num_batches": "4"
        }
      },
      "aggregator": {
        "mean_value": [],
        "mean_weight": []
      },
      "finalizer": {
        "update_non_finite": "0"
      }
    },
    {
      "distributor": [],
      "client_work": {
        "train": {
          "binary_accuracy": "0.78",
          "auc": "0.86178863",
          "loss": "0.46625474",
          "num_examples": "50",
          "num_batches": "4"
        }
      },
      "aggregator": {
        "mean_value": [],
        "mean_weight": []
      },
      "finalizer": {
        "update_non_finite": "0"
      }
    },
    {
      "distributor": [],
      "client_work": {
        "train": {
          "binary_accuracy": "0.88",
          "auc": "0.8631436",
          "loss": "0.4762804",
          "num_examples": "50",
          "num_batches": "4"
        }
      },
      "aggregator": {
        "mean_value": [],
        "mean_weight": []
      },
      "finalizer": {
        "update_non_finite": "0"
      }
    },
    {
      "distributor": [],
      "client_work": {
        "train": {
          "binary_accuracy": "0.84",
          "auc": "0.78048784",
          "loss": "0.5621713",
          "num_examples": "50",
          "num_batches": "4"
        }
      },
      "aggregator": {
        "mean_value": [],
        "mean_weight": []
      },
      "finalizer": {
        "update_non_finite": "0"
      }
    },
    {
      "distributor": [],
      "client_work": {
        "train": {
          "binary_accuracy": "0.86",
          "auc": "0.93360436",
          "loss": "0.4347177",
          "num_examples": "50",
          "num_batches": "4"
        }
      },
      "aggregator": {
        "mean_value": [],
        "mean_weight": []
      },
      "finalizer": {
        "update_non_finite": "0"
      }
    },
    {
      "distributor": [],
      "client_work": {
        "train": {
          "binary_accuracy": "0.84",
          "auc": "0.8794038",
          "loss": "0.46150875",
          "num_examples": "50",
          "num_batches": "4"
        }
      },
      "aggregator": {
        "mean_value": [],
        "mean_weight": []
      },
      "finalizer": {
        "update_non_finite": "0"
      }
    },
    {
      "distributor": [],
      "client_work": {
        "train": {
          "binary_accuracy": "0.84",
          "auc": "0.85365856",
          "loss": "0.44350737",
          "num_examples": "50",
          "num_batches": "4"
        }
      },
      "aggregator": {
        "mean_value": [],
        "mean_weight": []
      },
      "finalizer": {
        "update_non_finite": "0"
      }
    },
    {
      "distributor": [],
      "client_work": {
        "train": {
          "binary_accuracy": "0.84",
          "auc": "0.86043364",
          "loss": "0.47048295",
          "num_examples": "50",
          "num_batches": "4"
        }
      },
      "aggregator": {
        "mean_value": [],
        "mean_weight": []
      },
      "finalizer": {
        "update_non_finite": "0"
      }
    },
    {
      "distributor": [],
      "client_work": {
        "train": {
          "binary_accuracy": "0.78",
          "auc": "0.8130081",
          "loss": "0.455184",
          "num_examples": "50",
          "num_batches": "4"
        }
      },
      "aggregator": {
        "mean_value": [],
        "mean_weight": []
      },
      "finalizer": {
        "update_non_finite": "0"
      }
    },
    {
      "distributor": [],
      "client_work": {
        "train": {
          "binary_accuracy": "0.8",
          "auc": "0.802168",
          "loss": "0.4712518",
          "num_examples": "50",
          "num_batches": "4"
        }
      },
      "aggregator": {
        "mean_value": [],
        "mean_weight": []
      },
      "finalizer": {
        "update_non_finite": "0"
      }
    }
  ],
  "training_time": [
    1.4265451431274414,
    0.10231781005859375,
    0.09719038009643555,
    0.10782313346862793,
    0.09650969505310059,
    0.07045245170593262,
    0.08728718757629395,
    0.0860898494720459,
    0.08762264251708984,
    0.0767521858215332,
    0.0674896240234375,
    0.08975839614868164,
    0.07339191436767578,
    0.0728602409362793,
    0.07317805290222168,
    0.08157539367675781,
    0.0859982967376709,
    0.07493305206298828,
    0.06717252731323242,
    0.07932209968566895,
    0.07586240768432617,
    0.06808018684387207,
    0.07867312431335449,
    0.07698965072631836,
    0.07156014442443848,
    0.06824302673339844,
    0.06974101066589355,
    0.0709831714630127,
    0.07033443450927734,
    0.07162952423095703,
    0.06969594955444336,
    0.07654452323913574,
    0.07515883445739746,
    0.06594443321228027,
    0.0663766860961914
  ]
}2025-05-28 00:49:12.934707: I tensorflow/compiler/xla/stream_executor/cuda/cuda_gpu_executor.cc:880] could not open file to read NUMA node: /sys/bus/pci/devices/0000:01:00.0/numa_node
Your kernel may have been built without NUMA support.
2025-05-28 00:49:12.934751: I tensorflow/core/grappler/devices.cc:66] Number of eligible GPUs (core count >= 8, compute capability >= 0.0): 1
2025-05-28 00:49:12.935128: I tensorflow/core/grappler/clusters/single_machine.cc:361] Starting new session
2025-05-28 00:49:12.935567: I tensorflow/compiler/xla/stream_executor/cuda/cuda_gpu_executor.cc:880] could not open file to read NUMA node: /sys/bus/pci/devices/0000:01:00.0/numa_node
Your kernel may have been built without NUMA support.
2025-05-28 00:49:12.935583: W tensorflow/core/common_runtime/gpu/gpu_device.cc:2211] Cannot dlopen some GPU libraries. Please make sure the missing libraries mentioned above are installed properly if you would like to use GPU. Follow the guide at https://www.tensorflow.org/install/gpu for how to download and setup the required libraries for your platform.
Skipping registering GPU devices...
2025-05-28 00:49:12.964415: I tensorflow/compiler/xla/stream_executor/cuda/cuda_gpu_executor.cc:880] could not open file to read NUMA node: /sys/bus/pci/devices/0000:01:00.0/numa_node
Your kernel may have been built without NUMA support.
2025-05-28 00:49:12.964469: I tensorflow/core/grappler/devices.cc:66] Number of eligible GPUs (core count >= 8, compute capability >= 0.0): 1
2025-05-28 00:49:12.964572: I tensorflow/core/grappler/clusters/single_machine.cc:361] Starting new session
2025-05-28 00:49:12.965016: I tensorflow/compiler/xla/stream_executor/cuda/cuda_gpu_executor.cc:880] could not open file to read NUMA node: /sys/bus/pci/devices/0000:01:00.0/numa_node
Your kernel may have been built without NUMA support.
2025-05-28 00:49:12.965033: W tensorflow/core/common_runtime/gpu/gpu_device.cc:2211] Cannot dlopen some GPU libraries. Please make sure the missing libraries mentioned above are installed properly if you would like to use GPU. Follow the guide at https://www.tensorflow.org/install/gpu for how to download and setup the required libraries for your platform.
Skipping registering GPU devices...
2025-05-28 00:49:13.480636: I tensorflow/compiler/xla/stream_executor/cuda/cuda_gpu_executor.cc:880] could not open file to read NUMA node: /sys/bus/pci/devices/0000:01:00.0/numa_node
Your kernel may have been built without NUMA support.
2025-05-28 00:49:13.480729: I tensorflow/core/grappler/devices.cc:66] Number of eligible GPUs (core count >= 8, compute capability >= 0.0): 1
2025-05-28 00:49:13.480939: I tensorflow/core/grappler/clusters/single_machine.cc:361] Starting new session
2025-05-28 00:49:13.481410: I tensorflow/compiler/xla/stream_executor/cuda/cuda_gpu_executor.cc:880] could not open file to read NUMA node: /sys/bus/pci/devices/0000:01:00.0/numa_node
Your kernel may have been built without NUMA support.
2025-05-28 00:49:13.481444: W tensorflow/core/common_runtime/gpu/gpu_device.cc:2211] Cannot dlopen some GPU libraries. Please make sure the missing libraries mentioned above are installed properly if you would like to use GPU. Follow the guide at https://www.tensorflow.org/install/gpu for how to download and setup the required libraries for your platform.
Skipping registering GPU devices...
2025-05-28 00:49:13.644268: I tensorflow/compiler/xla/stream_executor/cuda/cuda_gpu_executor.cc:880] could not open file to read NUMA node: /sys/bus/pci/devices/0000:01:00.0/numa_node
Your kernel may have been built without NUMA support.
2025-05-28 00:49:13.644341: I tensorflow/core/grappler/devices.cc:66] Number of eligible GPUs (core count >= 8, compute capability >= 0.0): 1
2025-05-28 00:49:13.644465: I tensorflow/core/grappler/clusters/single_machine.cc:361] Starting new session
2025-05-28 00:49:13.644872: I tensorflow/compiler/xla/stream_executor/cuda/cuda_gpu_executor.cc:880] could not open file to read NUMA node: /sys/bus/pci/devices/0000:01:00.0/numa_node
Your kernel may have been built without NUMA support.
2025-05-28 00:49:13.644890: W tensorflow/core/common_runtime/gpu/gpu_device.cc:2211] Cannot dlopen some GPU libraries. Please make sure the missing libraries mentioned above are installed properly if you would like to use GPU. Follow the guide at https://www.tensorflow.org/install/gpu for how to download and setup the required libraries for your platform.
Skipping registering GPU devices...
2025-05-28 00:49:13.652350: I tensorflow/compiler/xla/stream_executor/cuda/cuda_gpu_executor.cc:880] could not open file to read NUMA node: /sys/bus/pci/devices/0000:01:00.0/numa_node
Your kernel may have been built without NUMA support.
2025-05-28 00:49:13.652401: I tensorflow/core/grappler/devices.cc:66] Number of eligible GPUs (core count >= 8, compute capability >= 0.0): 1
2025-05-28 00:49:13.652576: I tensorflow/core/grappler/clusters/single_machine.cc:361] Starting new session
2025-05-28 00:49:13.653052: I tensorflow/compiler/xla/stream_executor/cuda/cuda_gpu_executor.cc:880] could not open file to read NUMA node: /sys/bus/pci/devices/0000:01:00.0/numa_node
Your kernel may have been built without NUMA support.
2025-05-28 00:49:13.653084: W tensorflow/core/common_runtime/gpu/gpu_device.cc:2211] Cannot dlopen some GPU libraries. Please make sure the missing libraries mentioned above are installed properly if you would like to use GPU. Follow the guide at https://www.tensorflow.org/install/gpu for how to download and setup the required libraries for your platform.
Skipping registering GPU devices...
2025-05-28 00:49:13.664918: I tensorflow/compiler/xla/stream_executor/cuda/cuda_gpu_executor.cc:880] could not open file to read NUMA node: /sys/bus/pci/devices/0000:01:00.0/numa_node
Your kernel may have been built without NUMA support.
2025-05-28 00:49:13.664962: I tensorflow/core/grappler/devices.cc:66] Number of eligible GPUs (core count >= 8, compute capability >= 0.0): 1
2025-05-28 00:49:13.665129: I tensorflow/core/grappler/clusters/single_machine.cc:361] Starting new session
2025-05-28 00:49:13.665651: I tensorflow/compiler/xla/stream_executor/cuda/cuda_gpu_executor.cc:880] could not open file to read NUMA node: /sys/bus/pci/devices/0000:01:00.0/numa_node
Your kernel may have been built without NUMA support.
2025-05-28 00:49:13.665684: W tensorflow/core/common_runtime/gpu/gpu_device.cc:2211] Cannot dlopen some GPU libraries. Please make sure the missing libraries mentioned above are installed properly if you would like to use GPU. Follow the guide at https://www.tensorflow.org/install/gpu for how to download and setup the required libraries for your platform.
Skipping registering GPU devices...
2025-05-28 00:49:13.680272: I tensorflow/compiler/xla/stream_executor/cuda/cuda_gpu_executor.cc:880] could not open file to read NUMA node: /sys/bus/pci/devices/0000:01:00.0/numa_node
Your kernel may have been built without NUMA support.
2025-05-28 00:49:13.680547: I tensorflow/core/grappler/devices.cc:66] Number of eligible GPUs (core count >= 8, compute capability >= 0.0): 1
2025-05-28 00:49:13.680675: I tensorflow/core/grappler/clusters/single_machine.cc:361] Starting new session
2025-05-28 00:49:13.681134: I tensorflow/compiler/xla/stream_executor/cuda/cuda_gpu_executor.cc:880] could not open file to read NUMA node: /sys/bus/pci/devices/0000:01:00.0/numa_node
Your kernel may have been built without NUMA support.
2025-05-28 00:49:13.681150: W tensorflow/core/common_runtime/gpu/gpu_device.cc:2211] Cannot dlopen some GPU libraries. Please make sure the missing libraries mentioned above are installed properly if you would like to use GPU. Follow the guide at https://www.tensorflow.org/install/gpu for how to download and setup the required libraries for your platform.
Skipping registering GPU devices...
2025-05-28 00:49:13.706542: I tensorflow/compiler/xla/stream_executor/cuda/cuda_gpu_executor.cc:880] could not open file to read NUMA node: /sys/bus/pci/devices/0000:01:00.0/numa_node
Your kernel may have been built without NUMA support.
2025-05-28 00:49:13.706614: I tensorflow/core/grappler/devices.cc:66] Number of eligible GPUs (core count >= 8, compute capability >= 0.0): 1
2025-05-28 00:49:13.706755: I tensorflow/core/grappler/clusters/single_machine.cc:361] Starting new session
2025-05-28 00:49:13.707183: I tensorflow/compiler/xla/stream_executor/cuda/cuda_gpu_executor.cc:880] could not open file to read NUMA node: /sys/bus/pci/devices/0000:01:00.0/numa_node
Your kernel may have been built without NUMA support.
2025-05-28 00:49:13.707233: W tensorflow/core/common_runtime/gpu/gpu_device.cc:2211] Cannot dlopen some GPU libraries. Please make sure the missing libraries mentioned above are installed properly if you would like to use GPU. Follow the guide at https://www.tensorflow.org/install/gpu for how to download and setup the required libraries for your platform.
Skipping registering GPU devices...
2025-05-28 00:49:13.718536: I tensorflow/compiler/xla/stream_executor/cuda/cuda_gpu_executor.cc:880] could not open file to read NUMA node: /sys/bus/pci/devices/0000:01:00.0/numa_node
Your kernel may have been built without NUMA support.
2025-05-28 00:49:13.718596: I tensorflow/core/grappler/devices.cc:66] Number of eligible GPUs (core count >= 8, compute capability >= 0.0): 1
2025-05-28 00:49:13.718694: I tensorflow/core/grappler/clusters/single_machine.cc:361] Starting new session
2025-05-28 00:49:13.719034: I tensorflow/compiler/xla/stream_executor/cuda/cuda_gpu_executor.cc:880] could not open file to read NUMA node: /sys/bus/pci/devices/0000:01:00.0/numa_node
Your kernel may have been built without NUMA support.
2025-05-28 00:49:13.719049: W tensorflow/core/common_runtime/gpu/gpu_device.cc:2211] Cannot dlopen some GPU libraries. Please make sure the missing libraries mentioned above are installed properly if you would like to use GPU. Follow the guide at https://www.tensorflow.org/install/gpu for how to download and setup the required libraries for your platform.
Skipping registering GPU devices...
2025-05-28 00:49:13.728240: I tensorflow/compiler/xla/stream_executor/cuda/cuda_gpu_executor.cc:880] could not open file to read NUMA node: /sys/bus/pci/devices/0000:01:00.0/numa_node
Your kernel may have been built without NUMA support.
2025-05-28 00:49:13.728289: I tensorflow/core/grappler/devices.cc:66] Number of eligible GPUs (core count >= 8, compute capability >= 0.0): 1
2025-05-28 00:49:13.728444: I tensorflow/core/grappler/clusters/single_machine.cc:361] Starting new session
2025-05-28 00:49:13.728977: I tensorflow/compiler/xla/stream_executor/cuda/cuda_gpu_executor.cc:880] could not open file to read NUMA node: /sys/bus/pci/devices/0000:01:00.0/numa_node
Your kernel may have been built without NUMA support.
2025-05-28 00:49:13.729007: W tensorflow/core/common_runtime/gpu/gpu_device.cc:2211] Cannot dlopen some GPU libraries. Please make sure the missing libraries mentioned above are installed properly if you would like to use GPU. Follow the guide at https://www.tensorflow.org/install/gpu for how to download and setup the required libraries for your platform.
Skipping registering GPU devices...
2025-05-28 00:49:13.742304: I tensorflow/compiler/xla/stream_executor/cuda/cuda_gpu_executor.cc:880] could not open file to read NUMA node: /sys/bus/pci/devices/0000:01:00.0/numa_node
Your kernel may have been built without NUMA support.
2025-05-28 00:49:13.742386: I tensorflow/core/grappler/devices.cc:66] Number of eligible GPUs (core count >= 8, compute capability >= 0.0): 1
2025-05-28 00:49:13.742555: I tensorflow/core/grappler/clusters/single_machine.cc:361] Starting new session
2025-05-28 00:49:13.743262: I tensorflow/compiler/xla/stream_executor/cuda/cuda_gpu_executor.cc:880] could not open file to read NUMA node: /sys/bus/pci/devices/0000:01:00.0/numa_node
Your kernel may have been built without NUMA support.
2025-05-28 00:49:13.743325: W tensorflow/core/common_runtime/gpu/gpu_device.cc:2211] Cannot dlopen some GPU libraries. Please make sure the missing libraries mentioned above are installed properly if you would like to use GPU. Follow the guide at https://www.tensorflow.org/install/gpu for how to download and setup the required libraries for your platform.
Skipping registering GPU devices...
2025-05-28 00:49:13.754891: I tensorflow/compiler/xla/stream_executor/cuda/cuda_gpu_executor.cc:880] could not open file to read NUMA node: /sys/bus/pci/devices/0000:01:00.0/numa_node
Your kernel may have been built without NUMA support.
2025-05-28 00:49:13.754942: I tensorflow/core/grappler/devices.cc:66] Number of eligible GPUs (core count >= 8, compute capability >= 0.0): 1
2025-05-28 00:49:13.755030: I tensorflow/core/grappler/clusters/single_machine.cc:361] Starting new session
2025-05-28 00:49:13.755380: I tensorflow/compiler/xla/stream_executor/cuda/cuda_gpu_executor.cc:880] could not open file to read NUMA node: /sys/bus/pci/devices/0000:01:00.0/numa_node
Your kernel may have been built without NUMA support.
2025-05-28 00:49:13.755397: W tensorflow/core/common_runtime/gpu/gpu_device.cc:2211] Cannot dlopen some GPU libraries. Please make sure the missing libraries mentioned above are installed properly if you would like to use GPU. Follow the guide at https://www.tensorflow.org/install/gpu for how to download and setup the required libraries for your platform.
Skipping registering GPU devices...
2025-05-28 00:49:13.758453: I tensorflow/compiler/xla/stream_executor/cuda/cuda_gpu_executor.cc:880] could not open file to read NUMA node: /sys/bus/pci/devices/0000:01:00.0/numa_node
Your kernel may have been built without NUMA support.
2025-05-28 00:49:13.758500: I tensorflow/core/grappler/devices.cc:66] Number of eligible GPUs (core count >= 8, compute capability >= 0.0): 1
2025-05-28 00:49:13.758585: I tensorflow/core/grappler/clusters/single_machine.cc:361] Starting new session
2025-05-28 00:49:13.759078: I tensorflow/compiler/xla/stream_executor/cuda/cuda_gpu_executor.cc:880] could not open file to read NUMA node: /sys/bus/pci/devices/0000:01:00.0/numa_node
Your kernel may have been built without NUMA support.
2025-05-28 00:49:13.759114: W tensorflow/core/common_runtime/gpu/gpu_device.cc:2211] Cannot dlopen some GPU libraries. Please make sure the missing libraries mentioned above are installed properly if you would like to use GPU. Follow the guide at https://www.tensorflow.org/install/gpu for how to download and setup the required libraries for your platform.
Skipping registering GPU devices...
2025-05-28 00:49:13.763955: I tensorflow/compiler/xla/stream_executor/cuda/cuda_gpu_executor.cc:880] could not open file to read NUMA node: /sys/bus/pci/devices/0000:01:00.0/numa_node
Your kernel may have been built without NUMA support.
2025-05-28 00:49:13.764006: I tensorflow/core/grappler/devices.cc:66] Number of eligible GPUs (core count >= 8, compute capability >= 0.0): 1
2025-05-28 00:49:13.764102: I tensorflow/core/grappler/clusters/single_machine.cc:361] Starting new session
2025-05-28 00:49:13.764516: I tensorflow/compiler/xla/stream_executor/cuda/cuda_gpu_executor.cc:880] could not open file to read NUMA node: /sys/bus/pci/devices/0000:01:00.0/numa_node
Your kernel may have been built without NUMA support.
2025-05-28 00:49:13.764540: W tensorflow/core/common_runtime/gpu/gpu_device.cc:2211] Cannot dlopen some GPU libraries. Please make sure the missing libraries mentioned above are installed properly if you would like to use GPU. Follow the guide at https://www.tensorflow.org/install/gpu for how to download and setup the required libraries for your platform.
Skipping registering GPU devices...
2025-05-28 00:49:13.770560: I tensorflow/compiler/xla/stream_executor/cuda/cuda_gpu_executor.cc:880] could not open file to read NUMA node: /sys/bus/pci/devices/0000:01:00.0/numa_node
Your kernel may have been built without NUMA support.
2025-05-28 00:49:13.770634: I tensorflow/core/grappler/devices.cc:66] Number of eligible GPUs (core count >= 8, compute capability >= 0.0): 1
2025-05-28 00:49:13.770741: I tensorflow/core/grappler/clusters/single_machine.cc:361] Starting new session
2025-05-28 00:49:13.771173: I tensorflow/compiler/xla/stream_executor/cuda/cuda_gpu_executor.cc:880] could not open file to read NUMA node: /sys/bus/pci/devices/0000:01:00.0/numa_node
Your kernel may have been built without NUMA support.
2025-05-28 00:49:13.771209: W tensorflow/core/common_runtime/gpu/gpu_device.cc:2211] Cannot dlopen some GPU libraries. Please make sure the missing libraries mentioned above are installed properly if you would like to use GPU. Follow the guide at https://www.tensorflow.org/install/gpu for how to download and setup the required libraries for your platform.
Skipping registering GPU devices...
2025-05-28 00:49:13.787544: I tensorflow/compiler/xla/stream_executor/cuda/cuda_gpu_executor.cc:880] could not open file to read NUMA node: /sys/bus/pci/devices/0000:01:00.0/numa_node
Your kernel may have been built without NUMA support.
2025-05-28 00:49:13.787605: I tensorflow/core/grappler/devices.cc:66] Number of eligible GPUs (core count >= 8, compute capability >= 0.0): 1
2025-05-28 00:49:13.787724: I tensorflow/core/grappler/clusters/single_machine.cc:361] Starting new session
2025-05-28 00:49:13.788103: I tensorflow/compiler/xla/stream_executor/cuda/cuda_gpu_executor.cc:880] could not open file to read NUMA node: /sys/bus/pci/devices/0000:01:00.0/numa_node
Your kernel may have been built without NUMA support.
2025-05-28 00:49:13.788117: W tensorflow/core/common_runtime/gpu/gpu_device.cc:2211] Cannot dlopen some GPU libraries. Please make sure the missing libraries mentioned above are installed properly if you would like to use GPU. Follow the guide at https://www.tensorflow.org/install/gpu for how to download and setup the required libraries for your platform.
Skipping registering GPU devices...

[TRAINING][bribery_detection] Full training history:
{
  "round_losses": [],
  "round_metrics": [
    {
      "distributor": [],
      "client_work": {
        "train": {
          "binary_accuracy": "0.42",
          "auc": "0.42431563",
          "loss": "0.86103714",
          "num_examples": "50",
          "num_batches": "4"
        }
      },
      "aggregator": {
        "mean_value": [],
        "mean_weight": []
      },
      "finalizer": {
        "update_non_finite": "0"
      }
    },
    {
      "distributor": [],
      "client_work": {
        "train": {
          "binary_accuracy": "0.56",
          "auc": "0.61191624",
          "loss": "0.73795724",
          "num_examples": "50",
          "num_batches": "4"
        }
      },
      "aggregator": {
        "mean_value": [],
        "mean_weight": []
      },
      "finalizer": {
        "update_non_finite": "0"
      }
    },
    {
      "distributor": [],
      "client_work": {
        "train": {
          "binary_accuracy": "0.56",
          "auc": "0.6489533",
          "loss": "0.743615",
          "num_examples": "50",
          "num_batches": "4"
        }
      },
      "aggregator": {
        "mean_value": [],
        "mean_weight": []
      },
      "finalizer": {
        "update_non_finite": "0"
      }
    },
    {
      "distributor": [],
      "client_work": {
        "train": {
          "binary_accuracy": "0.46",
          "auc": "0.5636071",
          "loss": "0.7494841",
          "num_examples": "50",
          "num_batches": "4"
        }
      },
      "aggregator": {
        "mean_value": [],
        "mean_weight": []
      },
      "finalizer": {
        "update_non_finite": "0"
      }
    },
    {
      "distributor": [],
      "client_work": {
        "train": {
          "binary_accuracy": "0.58",
          "auc": "0.68035424",
          "loss": "0.67136174",
          "num_examples": "50",
          "num_batches": "4"
        }
      },
      "aggregator": {
        "mean_value": [],
        "mean_weight": []
      },
      "finalizer": {
        "update_non_finite": "0"
      }
    },
    {
      "distributor": [],
      "client_work": {
        "train": {
          "binary_accuracy": "0.62",
          "auc": "0.6167472",
          "loss": "0.7031967",
          "num_examples": "50",
          "num_batches": "4"
        }
      },
      "aggregator": {
        "mean_value": [],
        "mean_weight": []
      },
      "finalizer": {
        "update_non_finite": "0"
      }
    },
    {
      "distributor": [],
      "client_work": {
        "train": {
          "binary_accuracy": "0.6",
          "auc": "0.6038648",
          "loss": "0.7075114",
          "num_examples": "50",
          "num_batches": "4"
        }
      },
      "aggregator": {
        "mean_value": [],
        "mean_weight": []
      },
      "finalizer": {
        "update_non_finite": "0"
      }
    },
    {
      "distributor": [],
      "client_work": {
        "train": {
          "binary_accuracy": "0.5",
          "auc": "0.5547504",
          "loss": "0.70968866",
          "num_examples": "50",
          "num_batches": "4"
        }
      },
      "aggregator": {
        "mean_value": [],
        "mean_weight": []
      },
      "finalizer": {
        "update_non_finite": "0"
      }
    },
    {
      "distributor": [],
      "client_work": {
        "train": {
          "binary_accuracy": "0.56",
          "auc": "0.5958132",
          "loss": "0.73248976",
          "num_examples": "50",
          "num_batches": "4"
        }
      },
      "aggregator": {
        "mean_value": [],
        "mean_weight": []
      },
      "finalizer": {
        "update_non_finite": "0"
      }
    },
    {
      "distributor": [],
      "client_work": {
        "train": {
          "binary_accuracy": "0.54",
          "auc": "0.63123995",
          "loss": "0.64744943",
          "num_examples": "50",
          "num_batches": "4"
        }
      },
      "aggregator": {
        "mean_value": [],
        "mean_weight": []
      },
      "finalizer": {
        "update_non_finite": "0"
      }
    },
    {
      "distributor": [],
      "client_work": {
        "train": {
          "binary_accuracy": "0.7",
          "auc": "0.715781",
          "loss": "0.6207197",
          "num_examples": "50",
          "num_batches": "4"
        }
      },
      "aggregator": {
        "mean_value": [],
        "mean_weight": []
      },
      "finalizer": {
        "update_non_finite": "0"
      }
    },
    {
      "distributor": [],
      "client_work": {
        "train": {
          "binary_accuracy": "0.62",
          "auc": "0.68599033",
          "loss": "0.6339169",
          "num_examples": "50",
          "num_batches": "4"
        }
      },
      "aggregator": {
        "mean_value": [],
        "mean_weight": []
      },
      "finalizer": {
        "update_non_finite": "0"
      }
    },
    {
      "distributor": [],
      "client_work": {
        "train": {
          "binary_accuracy": "0.66",
          "auc": "0.7826087",
          "loss": "0.57058716",
          "num_examples": "50",
          "num_batches": "4"
        }
      },
      "aggregator": {
        "mean_value": [],
        "mean_weight": []
      },
      "finalizer": {
        "update_non_finite": "0"
      }
    },
    {
      "distributor": [],
      "client_work": {
        "train": {
          "binary_accuracy": "0.54",
          "auc": "0.6191626",
          "loss": "0.66072273",
          "num_examples": "50",
          "num_batches": "4"
        }
      },
      "aggregator": {
        "mean_value": [],
        "mean_weight": []
      },
      "finalizer": {
        "update_non_finite": "0"
      }
    },
    {
      "distributor": [],
      "client_work": {
        "train": {
          "binary_accuracy": "0.56",
          "auc": "0.57809985",
          "loss": "0.71628517",
          "num_examples": "50",
          "num_batches": "4"
        }
      },
      "aggregator": {
        "mean_value": [],
        "mean_weight": []
      },
      "finalizer": {
        "update_non_finite": "0"
      }
    },
    {
      "distributor": [],
      "client_work": {
        "train": {
          "binary_accuracy": "0.54",
          "auc": "0.615942",
          "loss": "0.6938586",
          "num_examples": "50",
          "num_batches": "4"
        }
      },
      "aggregator": {
        "mean_value": [],
        "mean_weight": []
      },
      "finalizer": {
        "update_non_finite": "0"
      }
    },
    {
      "distributor": [],
      "client_work": {
        "train": {
          "binary_accuracy": "0.6",
          "auc": "0.7302737",
          "loss": "0.6175461",
          "num_examples": "50",
          "num_batches": "4"
        }
      },
      "aggregator": {
        "mean_value": [],
        "mean_weight": []
      },
      "finalizer": {
        "update_non_finite": "0"
      }
    },
    {
      "distributor": [],
      "client_work": {
        "train": {
          "binary_accuracy": "0.64",
          "auc": "0.7141707",
          "loss": "0.6448029",
          "num_examples": "50",
          "num_batches": "4"
        }
      },
      "aggregator": {
        "mean_value": [],
        "mean_weight": []
      },
      "finalizer": {
        "update_non_finite": "0"
      }
    },
    {
      "distributor": [],
      "client_work": {
        "train": {
          "binary_accuracy": "0.62",
          "auc": "0.6239936",
          "loss": "0.6554361",
          "num_examples": "50",
          "num_batches": "4"
        }
      },
      "aggregator": {
        "mean_value": [],
        "mean_weight": []
      },
      "finalizer": {
        "update_non_finite": "0"
      }
    },
    {
      "distributor": [],
      "client_work": {
        "train": {
          "binary_accuracy": "0.66",
          "auc": "0.6932367",
          "loss": "0.6345325",
          "num_examples": "50",
          "num_batches": "4"
        }
      },
      "aggregator": {
        "mean_value": [],
        "mean_weight": []
      },
      "finalizer": {
        "update_non_finite": "0"
      }
    },
    {
      "distributor": [],
      "client_work": {
        "train": {
          "binary_accuracy": "0.68",
          "auc": "0.6537842",
          "loss": "0.662259",
          "num_examples": "50",
          "num_batches": "4"
        }
      },
      "aggregator": {
        "mean_value": [],
        "mean_weight": []
      },
      "finalizer": {
        "update_non_finite": "0"
      }
    },
    {
      "distributor": [],
      "client_work": {
        "train": {
          "binary_accuracy": "0.54",
          "auc": "0.5756844",
          "loss": "0.6820235",
          "num_examples": "50",
          "num_batches": "4"
        }
      },
      "aggregator": {
        "mean_value": [],
        "mean_weight": []
      },
      "finalizer": {
        "update_non_finite": "0"
      }
    },
    {
      "distributor": [],
      "client_work": {
        "train": {
          "binary_accuracy": "0.68",
          "auc": "0.73429954",
          "loss": "0.60051626",
          "num_examples": "50",
          "num_batches": "4"
        }
      },
      "aggregator": {
        "mean_value": [],
        "mean_weight": []
      },
      "finalizer": {
        "update_non_finite": "0"
      }
    },
    {
      "distributor": [],
      "client_work": {
        "train": {
          "binary_accuracy": "0.6",
          "auc": "0.66505635",
          "loss": "0.6507461",
          "num_examples": "50",
          "num_batches": "4"
        }
      },
      "aggregator": {
        "mean_value": [],
        "mean_weight": []
      },
      "finalizer": {
        "update_non_finite": "0"
      }
    },
    {
      "distributor": [],
      "client_work": {
        "train": {
          "binary_accuracy": "0.64",
          "auc": "0.7302738",
          "loss": "0.59646803",
          "num_examples": "50",
          "num_batches": "4"
        }
      },
      "aggregator": {
        "mean_value": [],
        "mean_weight": []
      },
      "finalizer": {
        "update_non_finite": "0"
      }
    },
    {
      "distributor": [],
      "client_work": {
        "train": {
          "binary_accuracy": "0.68",
          "auc": "0.72141707",
          "loss": "0.5922912",
          "num_examples": "50",
          "num_batches": "4"
        }
      },
      "aggregator": {
        "mean_value": [],
        "mean_weight": []
      },
      "finalizer": {
        "update_non_finite": "0"
      }
    },
    {
      "distributor": [],
      "client_work": {
        "train": {
          "binary_accuracy": "0.74",
          "auc": "0.87681156",
          "loss": "0.52277917",
          "num_examples": "50",
          "num_batches": "4"
        }
      },
      "aggregator": {
        "mean_value": [],
        "mean_weight": []
      },
      "finalizer": {
        "update_non_finite": "0"
      }
    },
    {
      "distributor": [],
      "client_work": {
        "train": {
          "binary_accuracy": "0.74",
          "auc": "0.7793881",
          "loss": "0.5538189",
          "num_examples": "50",
          "num_batches": "4"
        }
      },
      "aggregator": {
        "mean_value": [],
        "mean_weight": []
      },
      "finalizer": {
        "update_non_finite": "0"
      }
    },
    {
      "distributor": [],
      "client_work": {
        "train": {
          "binary_accuracy": "0.78",
          "auc": "0.8196457",
          "loss": "0.5452702",
          "num_examples": "50",
          "num_batches": "4"
        }
      },
      "aggregator": {
        "mean_value": [],
        "mean_weight": []
      },
      "finalizer": {
        "update_non_finite": "0"
      }
    },
    {
      "distributor": [],
      "client_work": {
        "train": {
          "binary_accuracy": "0.7",
          "auc": "0.7777778",
          "loss": "0.5712567",
          "num_examples": "50",
          "num_batches": "4"
        }
      },
      "aggregator": {
        "mean_value": [],
        "mean_weight": []
      },
      "finalizer": {
        "update_non_finite": "0"
      }
    },
    {
      "distributor": [],
      "client_work": {
        "train": {
          "binary_accuracy": "0.66",
          "auc": "0.6521739",
          "loss": "0.65101266",
          "num_examples": "50",
          "num_batches": "4"
        }
      },
      "aggregator": {
        "mean_value": [],
        "mean_weight": []
      },
      "finalizer": {
        "update_non_finite": "0"
      }
    },
    {
      "distributor": [],
      "client_work": {
        "train": {
          "binary_accuracy": "0.72",
          "auc": "0.85104674",
          "loss": "0.5565834",
          "num_examples": "50",
          "num_batches": "4"
        }
      },
      "aggregator": {
        "mean_value": [],
        "mean_weight": []
      },
      "finalizer": {
        "update_non_finite": "0"
      }
    },
    {
      "distributor": [],
      "client_work": {
        "train": {
          "binary_accuracy": "0.68",
          "auc": "0.76650566",
          "loss": "0.5491914",
          "num_examples": "50",
          "num_batches": "4"
        }
      },
      "aggregator": {
        "mean_value": [],
        "mean_weight": []
      },
      "finalizer": {
        "update_non_finite": "0"
      }
    },
    {
      "distributor": [],
      "client_work": {
        "train": {
          "binary_accuracy": "0.68",
          "auc": "0.7359099",
          "loss": "0.59541166",
          "num_examples": "50",
          "num_batches": "4"
        }
      },
      "aggregator": {
        "mean_value": [],
        "mean_weight": []
      },
      "finalizer": {
        "update_non_finite": "0"
      }
    },
    {
      "distributor": [],
      "client_work": {
        "train": {
          "binary_accuracy": "0.74",
          "auc": "0.8462157",
          "loss": "0.54450476",
          "num_examples": "50",
          "num_batches": "4"
        }
      },
      "aggregator": {
        "mean_value": [],
        "mean_weight": []
      },
      "finalizer": {
        "update_non_finite": "0"
      }
    }
  ],
  "training_time": [
    0.9980959892272949,
    0.06956315040588379,
    0.07142162322998047,
    0.07147336006164551,
    0.07628154754638672,
    0.06914281845092773,
    0.06983137130737305,
    0.06973552703857422,
    0.07487821578979492,
    0.07109689712524414,
    0.07078409194946289,
    0.07019734382629395,
    0.08031558990478516,
    0.07386612892150879,
    0.06920313835144043,
    0.07148575782775879,
    0.07574081420898438,
    0.07215046882629395,
    0.07036352157592773,
    0.07004022598266602,
    0.07558155059814453,
    0.07235574722290039,
    0.06942105293273926,
    0.07030987739562988,
    0.0732722282409668,
    0.06910967826843262,
    0.0714728832244873,
    0.06975173950195312,
    0.07223367691040039,
    0.07013726234436035,
    0.07166647911071777,
    0.07595229148864746,
    0.07369518280029297,
    0.07119345664978027,
    0.0758366584777832
  ]
}DEBUG:monitoring:Performance metric recorded: federated_training.training_time = 15.577274799346924
DEBUG:monitoring:Performance metric recorded: federated_training.avg_training_time = 15.577274799346924
DEBUG:monitoring:Performance metric recorded: federated_training.training_count = 1

[DEBUG] Main finished.
