[2025-05-17T13:52:11.626708] === Starting Sybil Detection FL Model ===
[2025-05-17T13:52:11.627751] Looking for context file at: /mnt/e/NAM3/DO_AN_CHUYEN_NGANH/SupplyChain_dapp/scripts/lifecycle_demo/demo_context.json
[2025-05-17T13:52:11.647932] Successfully loaded context with keys: ['contractAddress', 'deployerAddress', 'manufacturerAddress', 'transporter1Address', 'transporter2Address', 'transporter3Address', 'retailerAddress', 'buyer1Address', 'arbitratorAddress']
[2025-05-17T13:52:11.649969] Added deployer address: 0x032041b4b356fEE1496805DD4749f181bC736FFA
[2025-05-17T13:52:11.650909] Added manufacturer address: 0x04351e7dF40d04B5E610c4aA033faCf435b98711
[2025-05-17T13:52:11.656005] Added transporter address: 0xc6A050a538a9E857B4DCb4A33436280c202F6941
[2025-05-17T13:52:11.666468] Added transporter address: 0x5503a5B847e98B621d97695edf1bD84242C5862E
[2025-05-17T13:52:11.668670] Added transporter address: 0x34Fc023EE50781e0a007852eEDC4A17fa353a8cD
[2025-05-17T13:52:11.669874] Added retailerAddress: 0x724876f86fA52568aBc51955BD3A68bFc1441097
[2025-05-17T13:52:11.670662] Added buyer1Address: 0x72EB9742d3B684ebA40F11573b733Ac9dB499f23
[2025-05-17T13:52:11.671372] Added arbitratorAddress: 0x94081502540FD333075f3290d1D5C10A21AC5A5C
[2025-05-17T13:52:11.672103] Found 8 node addresses for Sybil Detection
[2025-05-17T13:52:11.673187] Running Sybil Detection with 3 FL clients
[2025-05-17T13:52:11.682301] Preparing federated data...
[2025-05-17T13:52:12.597323] Successfully prepared federated data for 3 clients
[2025-05-17T13:52:12.611850] Sybil Detection results saved to /mnt/e/NAM3/DO_AN_CHUYEN_NGANH/Federated Learning/fl_integration/results/sybil_detection_results.json
[2025-05-17T13:52:12.620608] === Completed Sybil Detection FL Model ===
[2025-05-17T13:58:28.645988] === Starting Sybil Detection FL Model ===
[2025-05-17T13:58:28.649521] Looking for context file at: /mnt/e/NAM3/DO_AN_CHUYEN_NGANH/SupplyChain_dapp/scripts/lifecycle_demo/demo_context.json
[2025-05-17T13:58:28.668030] Successfully loaded context with keys: ['contractAddress', 'deployerAddress', 'manufacturerAddress', 'transporter1Address', 'transporter2Address', 'transporter3Address', 'retailerAddress', 'buyer1Address', 'arbitratorAddress']
[2025-05-17T13:58:28.670052] Added deployer address: 0x032041b4b356fEE1496805DD4749f181bC736FFA
[2025-05-17T13:58:28.671110] Added manufacturer address: 0x04351e7dF40d04B5E610c4aA033faCf435b98711
[2025-05-17T13:58:28.672650] Added transporter address: 0xc6A050a538a9E857B4DCb4A33436280c202F6941
[2025-05-17T13:58:28.687146] Added transporter address: 0x5503a5B847e98B621d97695edf1bD84242C5862E
[2025-05-17T13:58:28.688471] Added transporter address: 0x34Fc023EE50781e0a007852eEDC4A17fa353a8cD
[2025-05-17T13:58:28.695795] Added retailerAddress: 0x724876f86fA52568aBc51955BD3A68bFc1441097
[2025-05-17T13:58:28.697402] Added buyer1Address: 0x72EB9742d3B684ebA40F11573b733Ac9dB499f23
[2025-05-17T13:58:28.712879] Added arbitratorAddress: 0x94081502540FD333075f3290d1D5C10A21AC5A5C
[2025-05-17T13:58:28.714160] Found 8 node addresses for Sybil Detection
[2025-05-17T13:58:28.715258] Running Sybil Detection with 3 FL clients
[2025-05-17T13:58:28.716625] Preparing federated data...
[2025-05-17T13:58:28.717857] Error running Sybil Detection: make_federated_data_sybil_real() got an unexpected keyword argument 'contract_address'
[2025-05-17T13:58:28.721478] Traceback (most recent call last):
  File "/mnt/e/NAM3/DO_AN_CHUYEN_NGANH/Federated Learning/fl_integration/run_sybil_detection.py", line 119, in main
    federated_data = make_federated_data_sybil_real(
TypeError: make_federated_data_sybil_real() got an unexpected keyword argument 'contract_address'

[2025-05-17T13:58:28.722865] === Completed Sybil Detection FL Model ===
[2025-05-17T14:02:28.783554] === Starting Sybil Detection FL Model ===
[2025-05-17T14:02:28.794511] Looking for context file at: /mnt/e/NAM3/DO_AN_CHUYEN_NGANH/SupplyChain_dapp/scripts/lifecycle_demo/demo_context.json
[2025-05-17T14:02:28.806872] Successfully loaded context with keys: ['contractAddress', 'deployerAddress', 'manufacturerAddress', 'transporter1Address', 'transporter2Address', 'transporter3Address', 'retailerAddress', 'buyer1Address', 'arbitratorAddress']
[2025-05-17T14:02:28.808249] Added deployer address: 0x032041b4b356fEE1496805DD4749f181bC736FFA
[2025-05-17T14:02:28.815333] Added manufacturer address: 0x04351e7dF40d04B5E610c4aA033faCf435b98711
[2025-05-17T14:02:28.816894] Added transporter address: 0xc6A050a538a9E857B4DCb4A33436280c202F6941
[2025-05-17T14:02:28.818256] Added transporter address: 0x5503a5B847e98B621d97695edf1bD84242C5862E
[2025-05-17T14:02:28.821680] Added transporter address: 0x34Fc023EE50781e0a007852eEDC4A17fa353a8cD
[2025-05-17T14:02:28.825881] Added retailerAddress: 0x724876f86fA52568aBc51955BD3A68bFc1441097
[2025-05-17T14:02:28.835823] Added buyer1Address: 0x72EB9742d3B684ebA40F11573b733Ac9dB499f23
[2025-05-17T14:02:28.844609] Added arbitratorAddress: 0x94081502540FD333075f3290d1D5C10A21AC5A5C
[2025-05-17T14:02:28.853880] Found 8 node addresses for Sybil Detection
[2025-05-17T14:02:28.864107] Running Sybil Detection with 3 FL clients
[2025-05-17T14:02:28.865349] Preparing federated data...
[2025-05-17T14:02:34.892352] Successfully prepared federated data for 3 clients
[2025-05-17T14:02:34.907514] Sybil Detection results saved to /mnt/e/NAM3/DO_AN_CHUYEN_NGANH/Federated Learning/fl_integration/results/sybil_detection_results.json
[2025-05-17T14:02:34.918118] === Completed Sybil Detection FL Model ===
[2025-05-17T14:05:30.347602] === Starting Sybil Detection FL Model ===
[2025-05-17T14:05:30.361106] Looking for context file at: /mnt/e/NAM3/DO_AN_CHUYEN_NGANH/SupplyChain_dapp/scripts/lifecycle_demo/demo_context.json
[2025-05-17T14:05:30.372225] Successfully loaded context with keys: ['contractAddress', 'deployerAddress', 'manufacturerAddress', 'transporter1Address', 'transporter2Address', 'transporter3Address', 'retailerAddress', 'buyer1Address', 'arbitratorAddress']
[2025-05-17T14:05:30.373618] Added deployer address: 0x032041b4b356fEE1496805DD4749f181bC736FFA
[2025-05-17T14:05:30.382634] Added manufacturer address: 0x04351e7dF40d04B5E610c4aA033faCf435b98711
[2025-05-17T14:05:30.383870] Added transporter address: 0xc6A050a538a9E857B4DCb4A33436280c202F6941
[2025-05-17T14:05:30.390197] Added transporter address: 0x5503a5B847e98B621d97695edf1bD84242C5862E
[2025-05-17T14:05:30.392494] Added transporter address: 0x34Fc023EE50781e0a007852eEDC4A17fa353a8cD
[2025-05-17T14:05:30.403296] Added retailerAddress: 0x724876f86fA52568aBc51955BD3A68bFc1441097
[2025-05-17T14:05:30.412021] Added buyer1Address: 0x72EB9742d3B684ebA40F11573b733Ac9dB499f23
[2025-05-17T14:05:30.423293] Added arbitratorAddress: 0x94081502540FD333075f3290d1D5C10A21AC5A5C
[2025-05-17T14:05:30.431957] Found 8 node addresses for Sybil Detection
[2025-05-17T14:05:30.441869] Running Sybil Detection with 3 FL clients
[2025-05-17T14:05:30.451943] Preparing federated data...
[2025-05-17T14:05:31.887361] Successfully prepared federated data for 3 clients
[2025-05-17T14:05:31.901170] Sybil Detection results saved to /mnt/e/NAM3/DO_AN_CHUYEN_NGANH/Federated Learning/fl_integration/results/sybil_detection_results.json
[2025-05-17T14:05:31.902474] === Completed Sybil Detection FL Model ===
[2025-05-17T14:08:23.984606] === Starting Sybil Detection FL Model ===
[2025-05-17T14:08:23.988559] Looking for context file at: /mnt/e/NAM3/DO_AN_CHUYEN_NGANH/SupplyChain_dapp/scripts/lifecycle_demo/demo_context.json
[2025-05-17T14:08:24.004317] Successfully loaded context with keys: ['contractAddress', 'deployerAddress', 'manufacturerAddress', 'transporter1Address', 'transporter2Address', 'transporter3Address', 'retailerAddress', 'buyer1Address', 'arbitratorAddress']
[2025-05-17T14:08:24.008552] Added deployer address: 0x032041b4b356fEE1496805DD4749f181bC736FFA
[2025-05-17T14:08:24.009408] Added manufacturer address: 0x04351e7dF40d04B5E610c4aA033faCf435b98711
[2025-05-17T14:08:24.012526] Added transporter address: 0xc6A050a538a9E857B4DCb4A33436280c202F6941
[2025-05-17T14:08:24.029090] Added transporter address: 0x5503a5B847e98B621d97695edf1bD84242C5862E
[2025-05-17T14:08:24.030938] Added transporter address: 0x34Fc023EE50781e0a007852eEDC4A17fa353a8cD
[2025-05-17T14:08:24.033099] Added retailerAddress: 0x724876f86fA52568aBc51955BD3A68bFc1441097
[2025-05-17T14:08:24.034476] Added buyer1Address: 0x72EB9742d3B684ebA40F11573b733Ac9dB499f23
[2025-05-17T14:08:24.035595] Added arbitratorAddress: 0x94081502540FD333075f3290d1D5C10A21AC5A5C
[2025-05-17T14:08:24.036789] Found 8 node addresses for Sybil Detection
[2025-05-17T14:08:24.037719] Running Sybil Detection with 3 FL clients
[2025-05-17T14:08:24.038884] Preparing federated data...
[2025-05-17T14:08:25.460098] Successfully prepared federated data for 3 clients
[2025-05-17T14:08:25.474767] Sybil Detection results saved to /mnt/e/NAM3/DO_AN_CHUYEN_NGANH/Federated Learning/fl_integration/results/sybil_detection_results.json
[2025-05-17T14:08:25.483859] === Completed Sybil Detection FL Model ===
[2025-05-17T14:10:39.779990] === Starting Sybil Detection FL Model ===
[2025-05-17T14:10:39.789720] Looking for context file at: /mnt/e/NAM3/DO_AN_CHUYEN_NGANH/SupplyChain_dapp/scripts/lifecycle_demo/demo_context.json
[2025-05-17T14:10:39.795055] Successfully loaded context with keys: ['contractAddress', 'deployerAddress', 'manufacturerAddress', 'transporter1Address', 'transporter2Address', 'transporter3Address', 'retailerAddress', 'buyer1Address', 'arbitratorAddress']
[2025-05-17T14:10:39.812001] Added deployer address: 0x032041b4b356fEE1496805DD4749f181bC736FFA
[2025-05-17T14:10:39.813033] Added manufacturer address: 0x04351e7dF40d04B5E610c4aA033faCf435b98711
[2025-05-17T14:10:39.822255] Added transporter address: 0xc6A050a538a9E857B4DCb4A33436280c202F6941
[2025-05-17T14:10:39.823230] Added transporter address: 0x5503a5B847e98B621d97695edf1bD84242C5862E
[2025-05-17T14:10:39.825125] Added transporter address: 0x34Fc023EE50781e0a007852eEDC4A17fa353a8cD
[2025-05-17T14:10:39.826284] Added retailerAddress: 0x724876f86fA52568aBc51955BD3A68bFc1441097
[2025-05-17T14:10:39.827060] Added buyer1Address: 0x72EB9742d3B684ebA40F11573b733Ac9dB499f23
[2025-05-17T14:10:39.841191] Added arbitratorAddress: 0x94081502540FD333075f3290d1D5C10A21AC5A5C
[2025-05-17T14:10:39.851073] Found 8 node addresses for Sybil Detection
[2025-05-17T14:10:39.860965] Running Sybil Detection with 3 FL clients
[2025-05-17T14:10:39.871433] Preparing federated data...
[2025-05-17T14:11:25.759055] Successfully prepared federated data for 3 clients
[2025-05-17T14:11:25.774496] Sybil Detection results saved to /mnt/e/NAM3/DO_AN_CHUYEN_NGANH/Federated Learning/fl_integration/results/sybil_detection_results.json
[2025-05-17T14:11:25.776253] === Completed Sybil Detection FL Model ===
[2025-05-17T14:13:18.812232] === Starting Sybil Detection FL Model ===
[2025-05-17T14:13:18.816190] Looking for context file at: /mnt/e/NAM3/DO_AN_CHUYEN_NGANH/SupplyChain_dapp/scripts/lifecycle_demo/demo_context.json
[2025-05-17T14:13:18.826120] Successfully loaded context with keys: ['contractAddress', 'deployerAddress', 'manufacturerAddress', 'transporter1Address', 'transporter2Address', 'transporter3Address', 'retailerAddress', 'buyer1Address', 'arbitratorAddress']
[2025-05-17T14:13:18.832103] Added deployer address: 0x032041b4b356fEE1496805DD4749f181bC736FFA
[2025-05-17T14:13:18.833383] Added manufacturer address: 0x04351e7dF40d04B5E610c4aA033faCf435b98711
[2025-05-17T14:13:18.834188] Added transporter address: 0xc6A050a538a9E857B4DCb4A33436280c202F6941
[2025-05-17T14:13:18.834880] Added transporter address: 0x5503a5B847e98B621d97695edf1bD84242C5862E
[2025-05-17T14:13:18.841511] Added transporter address: 0x34Fc023EE50781e0a007852eEDC4A17fa353a8cD
[2025-05-17T14:13:18.843138] Added retailerAddress: 0x724876f86fA52568aBc51955BD3A68bFc1441097
[2025-05-17T14:13:18.851685] Added buyer1Address: 0x72EB9742d3B684ebA40F11573b733Ac9dB499f23
[2025-05-17T14:13:18.852437] Added arbitratorAddress: 0x94081502540FD333075f3290d1D5C10A21AC5A5C
[2025-05-17T14:13:18.853112] Found 8 node addresses for Sybil Detection
[2025-05-17T14:13:18.853781] Running Sybil Detection with 3 FL clients
[2025-05-17T14:13:18.854544] Preparing federated data...
[2025-05-17T14:13:51.355837] Successfully prepared federated data for 3 clients
[2025-05-17T14:13:51.499681] Sybil Detection results saved to /mnt/e/NAM3/DO_AN_CHUYEN_NGANH/Federated Learning/fl_integration/results/sybil_detection_results.json
[2025-05-17T14:13:51.638580] === Completed Sybil Detection FL Model ===
[2025-05-17T14:17:25.795089] === Starting Sybil Detection FL Model ===
[2025-05-17T14:17:25.807079] Looking for context file at: /mnt/e/NAM3/DO_AN_CHUYEN_NGANH/SupplyChain_dapp/scripts/lifecycle_demo/demo_context.json
[2025-05-17T14:17:25.821513] Successfully loaded context with keys: ['contractAddress', 'deployerAddress', 'manufacturerAddress', 'transporter1Address', 'transporter2Address', 'transporter3Address', 'retailerAddress', 'buyer1Address', 'arbitratorAddress']
[2025-05-17T14:17:25.822712] Added deployer address: 0x032041b4b356fEE1496805DD4749f181bC736FFA
[2025-05-17T14:17:25.823506] Added manufacturer address: 0x04351e7dF40d04B5E610c4aA033faCf435b98711
[2025-05-17T14:17:25.824152] Added transporter address: 0xc6A050a538a9E857B4DCb4A33436280c202F6941
[2025-05-17T14:17:25.824989] Added transporter address: 0x5503a5B847e98B621d97695edf1bD84242C5862E
[2025-05-17T14:17:25.825827] Added transporter address: 0x34Fc023EE50781e0a007852eEDC4A17fa353a8cD
[2025-05-17T14:17:25.832508] Added retailerAddress: 0x724876f86fA52568aBc51955BD3A68bFc1441097
[2025-05-17T14:17:25.847037] Added buyer1Address: 0x72EB9742d3B684ebA40F11573b733Ac9dB499f23
[2025-05-17T14:17:25.850823] Added arbitratorAddress: 0x94081502540FD333075f3290d1D5C10A21AC5A5C
[2025-05-17T14:17:25.852158] Found 8 node addresses for Sybil Detection
[2025-05-17T14:17:25.859916] Running Sybil Detection with 3 FL clients
[2025-05-17T14:17:25.868919] Preparing federated data...
[2025-05-17T14:17:49.814642] Successfully prepared federated data for 3 clients
[2025-05-17T14:17:49.829837] Sybil Detection results saved to /mnt/e/NAM3/DO_AN_CHUYEN_NGANH/Federated Learning/fl_integration/results/sybil_detection_results.json
[2025-05-17T14:17:49.838294] === Completed Sybil Detection FL Model ===
[2025-05-17T14:20:27.994778] === Starting Sybil Detection FL Model ===
[2025-05-17T14:20:28.008321] Looking for context file at: /mnt/e/NAM3/DO_AN_CHUYEN_NGANH/SupplyChain_dapp/scripts/lifecycle_demo/demo_context.json
[2025-05-17T14:20:28.020750] Successfully loaded context with keys: ['contractAddress', 'deployerAddress', 'manufacturerAddress', 'transporter1Address', 'transporter2Address', 'transporter3Address', 'retailerAddress', 'buyer1Address', 'arbitratorAddress']
[2025-05-17T14:20:28.032029] Added deployer address: 0x032041b4b356fEE1496805DD4749f181bC736FFA
[2025-05-17T14:20:28.033246] Added manufacturer address: 0x04351e7dF40d04B5E610c4aA033faCf435b98711
[2025-05-17T14:20:28.043234] Added transporter address: 0xc6A050a538a9E857B4DCb4A33436280c202F6941
[2025-05-17T14:20:28.044932] Added transporter address: 0x5503a5B847e98B621d97695edf1bD84242C5862E
[2025-05-17T14:20:28.046021] Added transporter address: 0x34Fc023EE50781e0a007852eEDC4A17fa353a8cD
[2025-05-17T14:20:28.061340] Added retailerAddress: 0x724876f86fA52568aBc51955BD3A68bFc1441097
[2025-05-17T14:20:28.062943] Added buyer1Address: 0x72EB9742d3B684ebA40F11573b733Ac9dB499f23
[2025-05-17T14:20:28.063899] Added arbitratorAddress: 0x94081502540FD333075f3290d1D5C10A21AC5A5C
[2025-05-17T14:20:28.064753] Found 8 node addresses for Sybil Detection
[2025-05-17T14:20:28.065430] Running Sybil Detection with 3 FL clients
[2025-05-17T14:20:28.066314] Preparing federated data...
[2025-05-17T14:21:24.359038] Successfully prepared federated data for 3 clients
[2025-05-17T14:21:24.371999] Sybil Detection results saved to /mnt/e/NAM3/DO_AN_CHUYEN_NGANH/Federated Learning/fl_integration/results/sybil_detection_results.json
[2025-05-17T14:21:24.372912] === Completed Sybil Detection FL Model ===
[2025-05-17T14:23:15.406055] === Starting Sybil Detection FL Model ===
[2025-05-17T14:23:15.418013] Looking for context file at: /mnt/e/NAM3/DO_AN_CHUYEN_NGANH/SupplyChain_dapp/scripts/lifecycle_demo/demo_context.json
[2025-05-17T14:23:15.431782] Successfully loaded context with keys: ['contractAddress', 'deployerAddress', 'manufacturerAddress', 'transporter1Address', 'transporter2Address', 'transporter3Address', 'retailerAddress', 'buyer1Address', 'arbitratorAddress']
[2025-05-17T14:23:15.433793] Added deployer address: 0x032041b4b356fEE1496805DD4749f181bC736FFA
[2025-05-17T14:23:15.443084] Added manufacturer address: 0x04351e7dF40d04B5E610c4aA033faCf435b98711
[2025-05-17T14:23:15.453218] Added transporter address: 0xc6A050a538a9E857B4DCb4A33436280c202F6941
[2025-05-17T14:23:15.454577] Added transporter address: 0x5503a5B847e98B621d97695edf1bD84242C5862E
[2025-05-17T14:23:15.457598] Added transporter address: 0x34Fc023EE50781e0a007852eEDC4A17fa353a8cD
[2025-05-17T14:23:15.463047] Added retailerAddress: 0x724876f86fA52568aBc51955BD3A68bFc1441097
[2025-05-17T14:23:15.464004] Added buyer1Address: 0x72EB9742d3B684ebA40F11573b733Ac9dB499f23
[2025-05-17T14:23:15.469693] Added arbitratorAddress: 0x94081502540FD333075f3290d1D5C10A21AC5A5C
[2025-05-17T14:23:15.471079] Found 8 node addresses for Sybil Detection
[2025-05-17T14:23:15.481352] Running Sybil Detection with 3 FL clients
[2025-05-17T14:23:15.482584] Preparing federated data...
[2025-05-17T14:24:11.447074] Successfully prepared federated data for 3 clients
[2025-05-17T14:24:11.469720] Sybil Detection results saved to /mnt/e/NAM3/DO_AN_CHUYEN_NGANH/Federated Learning/fl_integration/results/sybil_detection_results.json
[2025-05-17T14:24:11.479906] === Completed Sybil Detection FL Model ===
