2025-05-25 21:28:46,027 - monitoring - INFO - Performing health check
2025-05-25 21:28:46,027 - monitoring - INFO - Health check thread started with interval 60 seconds
2025-05-25 21:28:46,028 - monitoring - INFO - Component blockchain_connector status updated to healthy
2025-05-25 21:28:46,028 - monitoring - INFO - Monitoring system initialized with log directory: ./output/normal/logs
2025-05-25 21:28:46,028 - monitoring - INFO - Metrics directory: ./output/normal/metrics
2025-05-25 21:28:46,028 - monitoring - INFO - Performance monitoring enabled: True
2025-05-25 21:28:46,029 - monitoring - INFO - Health checks enabled: True
2025-05-25 21:28:46,029 - monitoring - INFO - [main] Starting Federated Learning system
2025-05-25 21:28:46,044 - monitoring - INFO - Component data_processor status updated to healthy
2025-05-25 21:28:46,053 - monitoring - INFO - Component fl_orchestrator status updated to healthy
2025-05-25 21:28:46,065 - monitoring - INFO - Component model_repository status updated to healthy
2025-05-25 21:28:46,078 - monitoring - INFO - Component anomaly_detector status updated to healthy
2025-05-25 21:28:46,098 - monitoring - INFO - Component response_engine status updated to healthy
2025-05-25 21:28:54,015 - monitoring - DEBUG - Performance metric recorded: feature_extraction.data_processing_time = 0.014710426330566406
2025-05-25 21:28:54,018 - monitoring - DEBUG - Performance metric recorded: feature_extraction.avg_data_processing_time = 0.014710426330566406
2025-05-25 21:28:54,037 - monitoring - DEBUG - Performance metric recorded: feature_extraction.data_processing_count = 1
2025-05-25 21:29:04,150 - monitoring - DEBUG - Performance metric recorded: federated_training.training_time = 10.100075244903564
2025-05-25 21:29:04,167 - monitoring - DEBUG - Performance metric recorded: federated_training.avg_training_time = 10.100075244903564
2025-05-25 21:29:04,181 - monitoring - DEBUG - Performance metric recorded: federated_training.training_count = 1
2025-05-25 21:29:04,564 - monitoring - DEBUG - Performance metric recorded: anomaly_detector.anomaly_detection_time = 0.3665447235107422
2025-05-25 21:29:04,585 - monitoring - DEBUG - Performance metric recorded: anomaly_detector.avg_anomaly_detection_time = 0.3665447235107422
2025-05-25 21:29:04,589 - monitoring - DEBUG - Performance metric recorded: anomaly_detector.anomaly_detection_count = 1
2025-05-25 21:29:04,609 - monitoring - DEBUG - Performance metric recorded: response_engine.response_generation_time = 1.3589859008789062e-05
2025-05-25 21:29:04,613 - monitoring - DEBUG - Performance metric recorded: response_engine.avg_response_generation_time = 1.3589859008789062e-05
2025-05-25 21:29:04,629 - monitoring - DEBUG - Performance metric recorded: response_engine.response_generation_count = 1
